{
  "RSpec": {
    "coverage": {
      "/Users/kakulgupta/Desktop/RUBY/Math/lib/Calculator.rb": [
        1,
        1,
        1
      ],
      "/Users/kakulgupta/Desktop/RUBY/Math/lib/calculator/calculate.rb": [
        1,
        null,
        1,
        9,
        null,
        null,
        1,
        2,
        null,
        null,
        1,
        2,
        null,
        null,
        1,
        2,
        null,
        null,
        1,
        2,
        null,
        null,
        null
      ],
      "/Users/kakulgupta/Desktop/RUBY/Math/lib/calculator/launch.rb": [
        1,
        1,
        0,
        0,
        0,
        0,
        0,
        0,
        0,
        null,
        null,
        null
      ],
      "/Users/kakulgupta/Desktop/RUBY/Math/lib/calculator/parse.rb": [
        1,
        1,
        null,
        1,
        5,
        null,
        null,
        1,
        5,
        5,
        1,
        4,
        1,
        3,
        1,
        2,
        1,
        1,
        1,
        null,
        null,
        null,
        null
      ],
      "/Users/kakulgupta/Desktop/RUBY/Math/spec/Calculator/parse_spec.rb": [
        1,
        null,
        1,
        6,
        null,
        1,
        1,
        null,
        1,
        1,
        null,
        1,
        1,
        null,
        1,
        1,
        null,
        null,
        1,
        1,
        null,
        null,
        null,
        null
      ]
    },
    "timestamp": 1422950482
  }
}
