{
  "RSpec": {
    "coverage": {
      "/Users/kakulgupta/Desktop/RUBY/Math/lib/Calculate.rb": [
        1,
        1,
        1,
        1,
        1,
        1,
        1,
        1,
        1
      ],
      "/Users/kakulgupta/Desktop/RUBY/Math/lib/calculate/calculator.rb": [
        null,
        1,
        null,
        1,
        17,
        null,
        null,
        1,
        2,
        null,
        null,
        1,
        2,
        null,
        null,
        1,
        2,
        null,
        null,
        1,
        2,
        null,
        null,
        1,
        2,
        null,
        null,
        1,
        1,
        null,
        null,
        1,
        1,
        null,
        null,
        1,
        2,
        null,
        null,
        1,
        1,
        null,
        null,
        1,
        1,
        null,
        null,
        null
      ],
      "/Users/kakulgupta/Desktop/RUBY/Math/lib/calculate/application.rb": [
        null,
        1,
        null,
        1,
        1,
        null,
        null,
        1,
        0,
        0,
        0,
        0,
        0,
        0,
        0,
        0,
        null,
        null,
        null,
        1,
        1,
        1,
        1,
        null,
        null,
        null
      ],
      "/Users/kakulgupta/Desktop/RUBY/Math/lib/calculate/parse.rb": [
        null,
        1,
        null,
        1,
        4,
        4,
        4,
        1,
        null,
        1,
        null,
        1,
        null,
        1,
        null,
        4,
        null,
        null,
        null
      ],
      "/Users/kakulgupta/Desktop/RUBY/Math/lib/calculate/add_command.rb": [
        1,
        null,
        1,
        2,
        null,
        null,
        1,
        1,
        null,
        null,
        null
      ],
      "/Users/kakulgupta/Desktop/RUBY/Math/lib/calculate/sub_command.rb": [
        1,
        null,
        1,
        2,
        null,
        null,
        1,
        1,
        null,
        null,
        null
      ],
      "/Users/kakulgupta/Desktop/RUBY/Math/lib/calculate/mul_command.rb": [
        1,
        null,
        1,
        2,
        null,
        null,
        1,
        1,
        null,
        null,
        null
      ],
      "/Users/kakulgupta/Desktop/RUBY/Math/lib/calculate/div_command.rb": [
        1,
        null,
        1,
        2,
        null,
        null,
        1,
        1,
        null,
        null,
        null
      ],
      "/Users/kakulgupta/Desktop/RUBY/Math/lib/calculate/absolute_command.rb": [
        1,
        null,
        1,
        1,
        null,
        null,
        null
      ],
      "/Users/kakulgupta/Desktop/RUBY/Math/lib/calculate/square_command.rb": [
        1,
        null,
        1,
        1,
        null,
        null,
        null
      ],
      "/Users/kakulgupta/Desktop/RUBY/Math/spec/Calculate/add_command_spec.rb": [
        1,
        null,
        1,
        2,
        2,
        null,
        1,
        1,
        null,
        null,
        null
      ],
      "/Users/kakulgupta/Desktop/RUBY/Math/spec/Calculate/application_spec.rb": [
        1,
        null,
        1,
        null,
        1,
        null,
        1,
        2,
        2,
        1,
        null,
        1,
        1,
        null,
        null,
        null,
        null
      ],
      "/Users/kakulgupta/Desktop/RUBY/Math/spec/Calculate/calculator_spec.rb": [
        1,
        null,
        1,
        5,
        5,
        2,
        2,
        null,
        1,
        1,
        null,
        null,
        1,
        1,
        null,
        null,
        1,
        1,
        null,
        null,
        1,
        1,
        null,
        null,
        1,
        1,
        null,
        null,
        1,
        1,
        null,
        null,
        1,
        1,
        null,
        null,
        1,
        1,
        null,
        null,
        1,
        1,
        null,
        1,
        1,
        null,
        null,
        null,
        null,
        null
      ],
      "/Users/kakulgupta/Desktop/RUBY/Math/spec/Calculate/div_command_spec.rb": [
        1,
        null,
        1,
        2,
        2,
        null,
        1,
        1,
        null,
        null,
        null
      ],
      "/Users/kakulgupta/Desktop/RUBY/Math/spec/Calculate/mul_command_spec.rb": [
        1,
        null,
        1,
        2,
        2,
        null,
        1,
        1,
        null,
        null,
        null
      ],
      "/Users/kakulgupta/Desktop/RUBY/Math/spec/Calculate/parse_spec.rb": [
        1,
        null,
        1,
        5,
        1,
        1,
        null,
        null,
        1,
        1,
        null,
        null,
        1,
        1,
        null,
        null,
        1,
        1,
        null,
        null,
        null,
        null,
        null
      ],
      "/Users/kakulgupta/Desktop/RUBY/Math/spec/Calculate/square_spec.rb": [
        1,
        null,
        1,
        2,
        2,
        null,
        1,
        1,
        null,
        null,
        null
      ],
      "/Users/kakulgupta/Desktop/RUBY/Math/spec/Calculate/sub_command_spec.rb": [
        1,
        null,
        1,
        2,
        2,
        null,
        1,
        1,
        null,
        null,
        null
      ]
    },
    "timestamp": 1423136138
  }
}
